[0.547s] Invoking command in '/home/manas/adversarial_proj/src/adversarial_pkg': PYTHONPATH=/home/manas/adversarial_proj/build/adversarial_pkg/prefix_override:/usr/lib/python3/dist-packages/colcon_core/task/python/colcon_distutils_commands:/home/manas/adversarial_proj/install/adversarial_pkg/lib/python3.10/site-packages:${PYTHONPATH} /usr/bin/python3 -W ignore:setup.py install is deprecated -W ignore:easy_install command is deprecated setup.py egg_info --egg-base ../../build/adversarial_pkg build --build-base /home/manas/adversarial_proj/build/adversarial_pkg/build install --record /home/manas/adversarial_proj/build/adversarial_pkg/install.log --single-version-externally-managed install_data
[0.756s] running egg_info
[0.757s] writing ../../build/adversarial_pkg/adversarial_pkg.egg-info/PKG-INFO
[0.757s] writing dependency_links to ../../build/adversarial_pkg/adversarial_pkg.egg-info/dependency_links.txt
[0.757s] writing entry points to ../../build/adversarial_pkg/adversarial_pkg.egg-info/entry_points.txt
[0.757s] writing requirements to ../../build/adversarial_pkg/adversarial_pkg.egg-info/requires.txt
[0.757s] writing top-level names to ../../build/adversarial_pkg/adversarial_pkg.egg-info/top_level.txt
[0.758s] reading manifest file '../../build/adversarial_pkg/adversarial_pkg.egg-info/SOURCES.txt'
[0.759s] writing manifest file '../../build/adversarial_pkg/adversarial_pkg.egg-info/SOURCES.txt'
[0.759s] running build
[0.759s] running build_py
[0.760s] running install
[0.760s] running install_lib
[0.761s] running install_data
[0.761s] running install_egg_info
[0.763s] removing '/home/manas/adversarial_proj/install/adversarial_pkg/lib/python3.10/site-packages/adversarial_pkg-0.0.0-py3.10.egg-info' (and everything under it)
[0.763s] Copying ../../build/adversarial_pkg/adversarial_pkg.egg-info to /home/manas/adversarial_proj/install/adversarial_pkg/lib/python3.10/site-packages/adversarial_pkg-0.0.0-py3.10.egg-info
[0.764s] running install_scripts
[0.782s] Installing classifier script to /home/manas/adversarial_proj/install/adversarial_pkg/lib/adversarial_pkg
[0.783s] writing list of installed files to '/home/manas/adversarial_proj/build/adversarial_pkg/install.log'
[0.802s] Invoked command in '/home/manas/adversarial_proj/src/adversarial_pkg' returned '0': PYTHONPATH=/home/manas/adversarial_proj/build/adversarial_pkg/prefix_override:/usr/lib/python3/dist-packages/colcon_core/task/python/colcon_distutils_commands:/home/manas/adversarial_proj/install/adversarial_pkg/lib/python3.10/site-packages:${PYTHONPATH} /usr/bin/python3 -W ignore:setup.py install is deprecated -W ignore:easy_install command is deprecated setup.py egg_info --egg-base ../../build/adversarial_pkg build --build-base /home/manas/adversarial_proj/build/adversarial_pkg/build install --record /home/manas/adversarial_proj/build/adversarial_pkg/install.log --single-version-externally-managed install_data
