[0.077s] DEBUG:colcon:Command line arguments: ['/usr/bin/colcon', 'build', '--symlink-install']
[0.077s] DEBUG:colcon:Parsed command line arguments: Namespace(log_base=None, log_level=None, verb_name='build', build_base='build', install_base='install', merge_install=False, symlink_install=True, test_result_base=None, continue_on_error=False, executor='parallel', parallel_workers=32, event_handlers=None, ignore_user_meta=False, metas=['./colcon.meta'], base_paths=['.'], packages_ignore=None, packages_ignore_regex=None, paths=None, packages_up_to=None, packages_up_to_regex=None, packages_above=None, packages_above_and_dependencies=None, packages_above_depth=None, packages_select_by_dep=None, packages_skip_by_dep=None, packages_skip_up_to=None, packages_select_build_failed=False, packages_skip_build_finished=False, packages_select_test_failures=False, packages_skip_test_passed=False, packages_select=None, packages_skip=None, packages_select_regex=None, packages_skip_regex=None, packages_start=None, packages_end=None, allow_overriding=[], cmake_args=None, cmake_target=None, cmake_target_skip_unavailable=False, cmake_clean_cache=False, cmake_clean_first=False, cmake_force_configure=False, ament_cmake_args=None, catkin_cmake_args=None, catkin_skip_building_tests=False, verb_parser=<colcon_defaults.argument_parser.defaults.DefaultArgumentsDecorator object at 0x701697d19cc0>, verb_extension=<colcon_core.verb.build.BuildVerb object at 0x701697ecb580>, main=<bound method BuildVerb.main of <colcon_core.verb.build.BuildVerb object at 0x701697ecb580>>)
[0.193s] Level 1:colcon.colcon_core.package_discovery:discover_packages(colcon_meta) check parameters
[0.193s] Level 1:colcon.colcon_core.package_discovery:discover_packages(recursive) check parameters
[0.193s] Level 1:colcon.colcon_core.package_discovery:discover_packages(ignore) check parameters
[0.193s] Level 1:colcon.colcon_core.package_discovery:discover_packages(path) check parameters
[0.193s] Level 1:colcon.colcon_core.package_discovery:discover_packages(colcon_meta) discover
[0.194s] Level 1:colcon.colcon_core.package_discovery:discover_packages(recursive) discover
[0.194s] INFO:colcon.colcon_core.package_discovery:Crawling recursively for packages in '/home/manas/adversarial_proj'
[0.194s] Level 1:colcon.colcon_core.package_identification:_identify(.) by extensions ['ignore', 'ignore_ament_install']
[0.194s] Level 1:colcon.colcon_core.package_identification:_identify(.) by extension 'ignore'
[0.194s] Level 1:colcon.colcon_core.package_identification:_identify(.) by extension 'ignore_ament_install'
[0.194s] Level 1:colcon.colcon_core.package_identification:_identify(.) by extensions ['colcon_pkg']
[0.194s] Level 1:colcon.colcon_core.package_identification:_identify(.) by extension 'colcon_pkg'
[0.194s] Level 1:colcon.colcon_core.package_identification:_identify(.) by extensions ['colcon_meta']
[0.194s] Level 1:colcon.colcon_core.package_identification:_identify(.) by extension 'colcon_meta'
[0.194s] Level 1:colcon.colcon_core.package_identification:_identify(.) by extensions ['ros']
[0.194s] Level 1:colcon.colcon_core.package_identification:_identify(.) by extension 'ros'
[0.202s] Level 1:colcon.colcon_core.package_identification:_identify(.) by extensions ['cmake', 'python']
[0.202s] Level 1:colcon.colcon_core.package_identification:_identify(.) by extension 'cmake'
[0.202s] Level 1:colcon.colcon_core.package_identification:_identify(.) by extension 'python'
[0.202s] Level 1:colcon.colcon_core.package_identification:_identify(.) by extensions ['python_setup_py']
[0.202s] Level 1:colcon.colcon_core.package_identification:_identify(.) by extension 'python_setup_py'
[0.202s] Level 1:colcon.colcon_core.package_identification:_identify(build) by extensions ['ignore', 'ignore_ament_install']
[0.202s] Level 1:colcon.colcon_core.package_identification:_identify(build) by extension 'ignore'
[0.202s] Level 1:colcon.colcon_core.package_identification:_identify(build) ignored
[0.202s] Level 1:colcon.colcon_core.package_identification:_identify(install) by extensions ['ignore', 'ignore_ament_install']
[0.203s] Level 1:colcon.colcon_core.package_identification:_identify(install) by extension 'ignore'
[0.203s] Level 1:colcon.colcon_core.package_identification:_identify(install) ignored
[0.203s] Level 1:colcon.colcon_core.package_identification:_identify(log) by extensions ['ignore', 'ignore_ament_install']
[0.203s] Level 1:colcon.colcon_core.package_identification:_identify(log) by extension 'ignore'
[0.203s] Level 1:colcon.colcon_core.package_identification:_identify(log) ignored
[0.203s] Level 1:colcon.colcon_core.package_identification:_identify(logs) by extensions ['ignore', 'ignore_ament_install']
[0.203s] Level 1:colcon.colcon_core.package_identification:_identify(logs) by extension 'ignore'
[0.203s] Level 1:colcon.colcon_core.package_identification:_identify(logs) by extension 'ignore_ament_install'
[0.203s] Level 1:colcon.colcon_core.package_identification:_identify(logs) by extensions ['colcon_pkg']
[0.203s] Level 1:colcon.colcon_core.package_identification:_identify(logs) by extension 'colcon_pkg'
[0.203s] Level 1:colcon.colcon_core.package_identification:_identify(logs) by extensions ['colcon_meta']
[0.203s] Level 1:colcon.colcon_core.package_identification:_identify(logs) by extension 'colcon_meta'
[0.203s] Level 1:colcon.colcon_core.package_identification:_identify(logs) by extensions ['ros']
[0.203s] Level 1:colcon.colcon_core.package_identification:_identify(logs) by extension 'ros'
[0.203s] Level 1:colcon.colcon_core.package_identification:_identify(logs) by extensions ['cmake', 'python']
[0.203s] Level 1:colcon.colcon_core.package_identification:_identify(logs) by extension 'cmake'
[0.203s] Level 1:colcon.colcon_core.package_identification:_identify(logs) by extension 'python'
[0.203s] Level 1:colcon.colcon_core.package_identification:_identify(logs) by extensions ['python_setup_py']
[0.203s] Level 1:colcon.colcon_core.package_identification:_identify(logs) by extension 'python_setup_py'
[0.203s] Level 1:colcon.colcon_core.package_identification:_identify(logs/loss_2025_05_13_23_10_20) by extensions ['ignore', 'ignore_ament_install']
[0.203s] Level 1:colcon.colcon_core.package_identification:_identify(logs/loss_2025_05_13_23_10_20) by extension 'ignore'
[0.203s] Level 1:colcon.colcon_core.package_identification:_identify(logs/loss_2025_05_13_23_10_20) by extension 'ignore_ament_install'
[0.203s] Level 1:colcon.colcon_core.package_identification:_identify(logs/loss_2025_05_13_23_10_20) by extensions ['colcon_pkg']
[0.203s] Level 1:colcon.colcon_core.package_identification:_identify(logs/loss_2025_05_13_23_10_20) by extension 'colcon_pkg'
[0.203s] Level 1:colcon.colcon_core.package_identification:_identify(logs/loss_2025_05_13_23_10_20) by extensions ['colcon_meta']
[0.203s] Level 1:colcon.colcon_core.package_identification:_identify(logs/loss_2025_05_13_23_10_20) by extension 'colcon_meta'
[0.203s] Level 1:colcon.colcon_core.package_identification:_identify(logs/loss_2025_05_13_23_10_20) by extensions ['ros']
[0.203s] Level 1:colcon.colcon_core.package_identification:_identify(logs/loss_2025_05_13_23_10_20) by extension 'ros'
[0.204s] Level 1:colcon.colcon_core.package_identification:_identify(logs/loss_2025_05_13_23_10_20) by extensions ['cmake', 'python']
[0.204s] Level 1:colcon.colcon_core.package_identification:_identify(logs/loss_2025_05_13_23_10_20) by extension 'cmake'
[0.204s] Level 1:colcon.colcon_core.package_identification:_identify(logs/loss_2025_05_13_23_10_20) by extension 'python'
[0.204s] Level 1:colcon.colcon_core.package_identification:_identify(logs/loss_2025_05_13_23_10_20) by extensions ['python_setup_py']
[0.204s] Level 1:colcon.colcon_core.package_identification:_identify(logs/loss_2025_05_13_23_10_20) by extension 'python_setup_py'
[0.204s] Level 1:colcon.colcon_core.package_identification:_identify(logs/loss_2025_05_13_23_24_32) by extensions ['ignore', 'ignore_ament_install']
[0.204s] Level 1:colcon.colcon_core.package_identification:_identify(logs/loss_2025_05_13_23_24_32) by extension 'ignore'
[0.204s] Level 1:colcon.colcon_core.package_identification:_identify(logs/loss_2025_05_13_23_24_32) by extension 'ignore_ament_install'
[0.204s] Level 1:colcon.colcon_core.package_identification:_identify(logs/loss_2025_05_13_23_24_32) by extensions ['colcon_pkg']
[0.204s] Level 1:colcon.colcon_core.package_identification:_identify(logs/loss_2025_05_13_23_24_32) by extension 'colcon_pkg'
[0.204s] Level 1:colcon.colcon_core.package_identification:_identify(logs/loss_2025_05_13_23_24_32) by extensions ['colcon_meta']
[0.204s] Level 1:colcon.colcon_core.package_identification:_identify(logs/loss_2025_05_13_23_24_32) by extension 'colcon_meta'
[0.204s] Level 1:colcon.colcon_core.package_identification:_identify(logs/loss_2025_05_13_23_24_32) by extensions ['ros']
[0.204s] Level 1:colcon.colcon_core.package_identification:_identify(logs/loss_2025_05_13_23_24_32) by extension 'ros'
[0.204s] Level 1:colcon.colcon_core.package_identification:_identify(logs/loss_2025_05_13_23_24_32) by extensions ['cmake', 'python']
[0.204s] Level 1:colcon.colcon_core.package_identification:_identify(logs/loss_2025_05_13_23_24_32) by extension 'cmake'
[0.204s] Level 1:colcon.colcon_core.package_identification:_identify(logs/loss_2025_05_13_23_24_32) by extension 'python'
[0.204s] Level 1:colcon.colcon_core.package_identification:_identify(logs/loss_2025_05_13_23_24_32) by extensions ['python_setup_py']
[0.204s] Level 1:colcon.colcon_core.package_identification:_identify(logs/loss_2025_05_13_23_24_32) by extension 'python_setup_py'
[0.204s] Level 1:colcon.colcon_core.package_identification:_identify(logs/loss_2025_05_13_23_29_28) by extensions ['ignore', 'ignore_ament_install']
[0.204s] Level 1:colcon.colcon_core.package_identification:_identify(logs/loss_2025_05_13_23_29_28) by extension 'ignore'
[0.204s] Level 1:colcon.colcon_core.package_identification:_identify(logs/loss_2025_05_13_23_29_28) by extension 'ignore_ament_install'
[0.204s] Level 1:colcon.colcon_core.package_identification:_identify(logs/loss_2025_05_13_23_29_28) by extensions ['colcon_pkg']
[0.204s] Level 1:colcon.colcon_core.package_identification:_identify(logs/loss_2025_05_13_23_29_28) by extension 'colcon_pkg'
[0.204s] Level 1:colcon.colcon_core.package_identification:_identify(logs/loss_2025_05_13_23_29_28) by extensions ['colcon_meta']
[0.204s] Level 1:colcon.colcon_core.package_identification:_identify(logs/loss_2025_05_13_23_29_28) by extension 'colcon_meta'
[0.204s] Level 1:colcon.colcon_core.package_identification:_identify(logs/loss_2025_05_13_23_29_28) by extensions ['ros']
[0.204s] Level 1:colcon.colcon_core.package_identification:_identify(logs/loss_2025_05_13_23_29_28) by extension 'ros'
[0.204s] Level 1:colcon.colcon_core.package_identification:_identify(logs/loss_2025_05_13_23_29_28) by extensions ['cmake', 'python']
[0.204s] Level 1:colcon.colcon_core.package_identification:_identify(logs/loss_2025_05_13_23_29_28) by extension 'cmake'
[0.204s] Level 1:colcon.colcon_core.package_identification:_identify(logs/loss_2025_05_13_23_29_28) by extension 'python'
[0.204s] Level 1:colcon.colcon_core.package_identification:_identify(logs/loss_2025_05_13_23_29_28) by extensions ['python_setup_py']
[0.204s] Level 1:colcon.colcon_core.package_identification:_identify(logs/loss_2025_05_13_23_29_28) by extension 'python_setup_py'
[0.204s] Level 1:colcon.colcon_core.package_identification:_identify(logs/loss_2025_05_13_23_34_35) by extensions ['ignore', 'ignore_ament_install']
[0.204s] Level 1:colcon.colcon_core.package_identification:_identify(logs/loss_2025_05_13_23_34_35) by extension 'ignore'
[0.205s] Level 1:colcon.colcon_core.package_identification:_identify(logs/loss_2025_05_13_23_34_35) by extension 'ignore_ament_install'
[0.205s] Level 1:colcon.colcon_core.package_identification:_identify(logs/loss_2025_05_13_23_34_35) by extensions ['colcon_pkg']
[0.205s] Level 1:colcon.colcon_core.package_identification:_identify(logs/loss_2025_05_13_23_34_35) by extension 'colcon_pkg'
[0.205s] Level 1:colcon.colcon_core.package_identification:_identify(logs/loss_2025_05_13_23_34_35) by extensions ['colcon_meta']
[0.205s] Level 1:colcon.colcon_core.package_identification:_identify(logs/loss_2025_05_13_23_34_35) by extension 'colcon_meta'
[0.205s] Level 1:colcon.colcon_core.package_identification:_identify(logs/loss_2025_05_13_23_34_35) by extensions ['ros']
[0.205s] Level 1:colcon.colcon_core.package_identification:_identify(logs/loss_2025_05_13_23_34_35) by extension 'ros'
[0.205s] Level 1:colcon.colcon_core.package_identification:_identify(logs/loss_2025_05_13_23_34_35) by extensions ['cmake', 'python']
[0.205s] Level 1:colcon.colcon_core.package_identification:_identify(logs/loss_2025_05_13_23_34_35) by extension 'cmake'
[0.205s] Level 1:colcon.colcon_core.package_identification:_identify(logs/loss_2025_05_13_23_34_35) by extension 'python'
[0.205s] Level 1:colcon.colcon_core.package_identification:_identify(logs/loss_2025_05_13_23_34_35) by extensions ['python_setup_py']
[0.205s] Level 1:colcon.colcon_core.package_identification:_identify(logs/loss_2025_05_13_23_34_35) by extension 'python_setup_py'
[0.205s] Level 1:colcon.colcon_core.package_identification:_identify(logs/loss_2025_05_13_23_52_13) by extensions ['ignore', 'ignore_ament_install']
[0.205s] Level 1:colcon.colcon_core.package_identification:_identify(logs/loss_2025_05_13_23_52_13) by extension 'ignore'
[0.205s] Level 1:colcon.colcon_core.package_identification:_identify(logs/loss_2025_05_13_23_52_13) by extension 'ignore_ament_install'
[0.205s] Level 1:colcon.colcon_core.package_identification:_identify(logs/loss_2025_05_13_23_52_13) by extensions ['colcon_pkg']
[0.205s] Level 1:colcon.colcon_core.package_identification:_identify(logs/loss_2025_05_13_23_52_13) by extension 'colcon_pkg'
[0.205s] Level 1:colcon.colcon_core.package_identification:_identify(logs/loss_2025_05_13_23_52_13) by extensions ['colcon_meta']
[0.205s] Level 1:colcon.colcon_core.package_identification:_identify(logs/loss_2025_05_13_23_52_13) by extension 'colcon_meta'
[0.205s] Level 1:colcon.colcon_core.package_identification:_identify(logs/loss_2025_05_13_23_52_13) by extensions ['ros']
[0.205s] Level 1:colcon.colcon_core.package_identification:_identify(logs/loss_2025_05_13_23_52_13) by extension 'ros'
[0.205s] Level 1:colcon.colcon_core.package_identification:_identify(logs/loss_2025_05_13_23_52_13) by extensions ['cmake', 'python']
[0.205s] Level 1:colcon.colcon_core.package_identification:_identify(logs/loss_2025_05_13_23_52_13) by extension 'cmake'
[0.205s] Level 1:colcon.colcon_core.package_identification:_identify(logs/loss_2025_05_13_23_52_13) by extension 'python'
[0.205s] Level 1:colcon.colcon_core.package_identification:_identify(logs/loss_2025_05_13_23_52_13) by extensions ['python_setup_py']
[0.205s] Level 1:colcon.colcon_core.package_identification:_identify(logs/loss_2025_05_13_23_52_13) by extension 'python_setup_py'
[0.205s] Level 1:colcon.colcon_core.package_identification:_identify(logs/loss_2025_05_14_01_51_02) by extensions ['ignore', 'ignore_ament_install']
[0.205s] Level 1:colcon.colcon_core.package_identification:_identify(logs/loss_2025_05_14_01_51_02) by extension 'ignore'
[0.205s] Level 1:colcon.colcon_core.package_identification:_identify(logs/loss_2025_05_14_01_51_02) by extension 'ignore_ament_install'
[0.205s] Level 1:colcon.colcon_core.package_identification:_identify(logs/loss_2025_05_14_01_51_02) by extensions ['colcon_pkg']
[0.205s] Level 1:colcon.colcon_core.package_identification:_identify(logs/loss_2025_05_14_01_51_02) by extension 'colcon_pkg'
[0.205s] Level 1:colcon.colcon_core.package_identification:_identify(logs/loss_2025_05_14_01_51_02) by extensions ['colcon_meta']
[0.205s] Level 1:colcon.colcon_core.package_identification:_identify(logs/loss_2025_05_14_01_51_02) by extension 'colcon_meta'
[0.205s] Level 1:colcon.colcon_core.package_identification:_identify(logs/loss_2025_05_14_01_51_02) by extensions ['ros']
[0.205s] Level 1:colcon.colcon_core.package_identification:_identify(logs/loss_2025_05_14_01_51_02) by extension 'ros'
[0.205s] Level 1:colcon.colcon_core.package_identification:_identify(logs/loss_2025_05_14_01_51_02) by extensions ['cmake', 'python']
[0.206s] Level 1:colcon.colcon_core.package_identification:_identify(logs/loss_2025_05_14_01_51_02) by extension 'cmake'
[0.206s] Level 1:colcon.colcon_core.package_identification:_identify(logs/loss_2025_05_14_01_51_02) by extension 'python'
[0.206s] Level 1:colcon.colcon_core.package_identification:_identify(logs/loss_2025_05_14_01_51_02) by extensions ['python_setup_py']
[0.206s] Level 1:colcon.colcon_core.package_identification:_identify(logs/loss_2025_05_14_01_51_02) by extension 'python_setup_py'
[0.206s] Level 1:colcon.colcon_core.package_identification:_identify(map_out) by extensions ['ignore', 'ignore_ament_install']
[0.206s] Level 1:colcon.colcon_core.package_identification:_identify(map_out) by extension 'ignore'
[0.206s] Level 1:colcon.colcon_core.package_identification:_identify(map_out) by extension 'ignore_ament_install'
[0.206s] Level 1:colcon.colcon_core.package_identification:_identify(map_out) by extensions ['colcon_pkg']
[0.206s] Level 1:colcon.colcon_core.package_identification:_identify(map_out) by extension 'colcon_pkg'
[0.206s] Level 1:colcon.colcon_core.package_identification:_identify(map_out) by extensions ['colcon_meta']
[0.206s] Level 1:colcon.colcon_core.package_identification:_identify(map_out) by extension 'colcon_meta'
[0.206s] Level 1:colcon.colcon_core.package_identification:_identify(map_out) by extensions ['ros']
[0.206s] Level 1:colcon.colcon_core.package_identification:_identify(map_out) by extension 'ros'
[0.206s] Level 1:colcon.colcon_core.package_identification:_identify(map_out) by extensions ['cmake', 'python']
[0.206s] Level 1:colcon.colcon_core.package_identification:_identify(map_out) by extension 'cmake'
[0.206s] Level 1:colcon.colcon_core.package_identification:_identify(map_out) by extension 'python'
[0.206s] Level 1:colcon.colcon_core.package_identification:_identify(map_out) by extensions ['python_setup_py']
[0.206s] Level 1:colcon.colcon_core.package_identification:_identify(map_out) by extension 'python_setup_py'
[0.208s] Level 1:colcon.colcon_core.package_identification:_identify(map_out/detection-results) by extensions ['ignore', 'ignore_ament_install']
[0.208s] Level 1:colcon.colcon_core.package_identification:_identify(map_out/detection-results) by extension 'ignore'
[0.208s] Level 1:colcon.colcon_core.package_identification:_identify(map_out/detection-results) by extension 'ignore_ament_install'
[0.208s] Level 1:colcon.colcon_core.package_identification:_identify(map_out/detection-results) by extensions ['colcon_pkg']
[0.208s] Level 1:colcon.colcon_core.package_identification:_identify(map_out/detection-results) by extension 'colcon_pkg'
[0.208s] Level 1:colcon.colcon_core.package_identification:_identify(map_out/detection-results) by extensions ['colcon_meta']
[0.208s] Level 1:colcon.colcon_core.package_identification:_identify(map_out/detection-results) by extension 'colcon_meta'
[0.208s] Level 1:colcon.colcon_core.package_identification:_identify(map_out/detection-results) by extensions ['ros']
[0.208s] Level 1:colcon.colcon_core.package_identification:_identify(map_out/detection-results) by extension 'ros'
[0.208s] Level 1:colcon.colcon_core.package_identification:_identify(map_out/detection-results) by extensions ['cmake', 'python']
[0.208s] Level 1:colcon.colcon_core.package_identification:_identify(map_out/detection-results) by extension 'cmake'
[0.208s] Level 1:colcon.colcon_core.package_identification:_identify(map_out/detection-results) by extension 'python'
[0.208s] Level 1:colcon.colcon_core.package_identification:_identify(map_out/detection-results) by extensions ['python_setup_py']
[0.208s] Level 1:colcon.colcon_core.package_identification:_identify(map_out/detection-results) by extension 'python_setup_py'
[0.209s] Level 1:colcon.colcon_core.package_identification:_identify(map_out/ground-truth) by extensions ['ignore', 'ignore_ament_install']
[0.209s] Level 1:colcon.colcon_core.package_identification:_identify(map_out/ground-truth) by extension 'ignore'
[0.209s] Level 1:colcon.colcon_core.package_identification:_identify(map_out/ground-truth) by extension 'ignore_ament_install'
[0.210s] Level 1:colcon.colcon_core.package_identification:_identify(map_out/ground-truth) by extensions ['colcon_pkg']
[0.210s] Level 1:colcon.colcon_core.package_identification:_identify(map_out/ground-truth) by extension 'colcon_pkg'
[0.210s] Level 1:colcon.colcon_core.package_identification:_identify(map_out/ground-truth) by extensions ['colcon_meta']
[0.210s] Level 1:colcon.colcon_core.package_identification:_identify(map_out/ground-truth) by extension 'colcon_meta'
[0.210s] Level 1:colcon.colcon_core.package_identification:_identify(map_out/ground-truth) by extensions ['ros']
[0.210s] Level 1:colcon.colcon_core.package_identification:_identify(map_out/ground-truth) by extension 'ros'
[0.210s] Level 1:colcon.colcon_core.package_identification:_identify(map_out/ground-truth) by extensions ['cmake', 'python']
[0.210s] Level 1:colcon.colcon_core.package_identification:_identify(map_out/ground-truth) by extension 'cmake'
[0.210s] Level 1:colcon.colcon_core.package_identification:_identify(map_out/ground-truth) by extension 'python'
[0.210s] Level 1:colcon.colcon_core.package_identification:_identify(map_out/ground-truth) by extensions ['python_setup_py']
[0.210s] Level 1:colcon.colcon_core.package_identification:_identify(map_out/ground-truth) by extension 'python_setup_py'
[0.210s] Level 1:colcon.colcon_core.package_identification:_identify(map_out/images-optional) by extensions ['ignore', 'ignore_ament_install']
[0.210s] Level 1:colcon.colcon_core.package_identification:_identify(map_out/images-optional) by extension 'ignore'
[0.210s] Level 1:colcon.colcon_core.package_identification:_identify(map_out/images-optional) by extension 'ignore_ament_install'
[0.210s] Level 1:colcon.colcon_core.package_identification:_identify(map_out/images-optional) by extensions ['colcon_pkg']
[0.210s] Level 1:colcon.colcon_core.package_identification:_identify(map_out/images-optional) by extension 'colcon_pkg'
[0.210s] Level 1:colcon.colcon_core.package_identification:_identify(map_out/images-optional) by extensions ['colcon_meta']
[0.210s] Level 1:colcon.colcon_core.package_identification:_identify(map_out/images-optional) by extension 'colcon_meta'
[0.210s] Level 1:colcon.colcon_core.package_identification:_identify(map_out/images-optional) by extensions ['ros']
[0.210s] Level 1:colcon.colcon_core.package_identification:_identify(map_out/images-optional) by extension 'ros'
[0.210s] Level 1:colcon.colcon_core.package_identification:_identify(map_out/images-optional) by extensions ['cmake', 'python']
[0.210s] Level 1:colcon.colcon_core.package_identification:_identify(map_out/images-optional) by extension 'cmake'
[0.210s] Level 1:colcon.colcon_core.package_identification:_identify(map_out/images-optional) by extension 'python'
[0.210s] Level 1:colcon.colcon_core.package_identification:_identify(map_out/images-optional) by extensions ['python_setup_py']
[0.210s] Level 1:colcon.colcon_core.package_identification:_identify(map_out/images-optional) by extension 'python_setup_py'
[0.210s] Level 1:colcon.colcon_core.package_identification:_identify(map_out/results) by extensions ['ignore', 'ignore_ament_install']
[0.210s] Level 1:colcon.colcon_core.package_identification:_identify(map_out/results) by extension 'ignore'
[0.210s] Level 1:colcon.colcon_core.package_identification:_identify(map_out/results) by extension 'ignore_ament_install'
[0.210s] Level 1:colcon.colcon_core.package_identification:_identify(map_out/results) by extensions ['colcon_pkg']
[0.210s] Level 1:colcon.colcon_core.package_identification:_identify(map_out/results) by extension 'colcon_pkg'
[0.210s] Level 1:colcon.colcon_core.package_identification:_identify(map_out/results) by extensions ['colcon_meta']
[0.210s] Level 1:colcon.colcon_core.package_identification:_identify(map_out/results) by extension 'colcon_meta'
[0.210s] Level 1:colcon.colcon_core.package_identification:_identify(map_out/results) by extensions ['ros']
[0.210s] Level 1:colcon.colcon_core.package_identification:_identify(map_out/results) by extension 'ros'
[0.210s] Level 1:colcon.colcon_core.package_identification:_identify(map_out/results) by extensions ['cmake', 'python']
[0.211s] Level 1:colcon.colcon_core.package_identification:_identify(map_out/results) by extension 'cmake'
[0.211s] Level 1:colcon.colcon_core.package_identification:_identify(map_out/results) by extension 'python'
[0.211s] Level 1:colcon.colcon_core.package_identification:_identify(map_out/results) by extensions ['python_setup_py']
[0.211s] Level 1:colcon.colcon_core.package_identification:_identify(map_out/results) by extension 'python_setup_py'
[0.211s] Level 1:colcon.colcon_core.package_identification:_identify(map_out/results/AP) by extensions ['ignore', 'ignore_ament_install']
[0.211s] Level 1:colcon.colcon_core.package_identification:_identify(map_out/results/AP) by extension 'ignore'
[0.211s] Level 1:colcon.colcon_core.package_identification:_identify(map_out/results/AP) by extension 'ignore_ament_install'
[0.211s] Level 1:colcon.colcon_core.package_identification:_identify(map_out/results/AP) by extensions ['colcon_pkg']
[0.211s] Level 1:colcon.colcon_core.package_identification:_identify(map_out/results/AP) by extension 'colcon_pkg'
[0.211s] Level 1:colcon.colcon_core.package_identification:_identify(map_out/results/AP) by extensions ['colcon_meta']
[0.211s] Level 1:colcon.colcon_core.package_identification:_identify(map_out/results/AP) by extension 'colcon_meta'
[0.211s] Level 1:colcon.colcon_core.package_identification:_identify(map_out/results/AP) by extensions ['ros']
[0.211s] Level 1:colcon.colcon_core.package_identification:_identify(map_out/results/AP) by extension 'ros'
[0.211s] Level 1:colcon.colcon_core.package_identification:_identify(map_out/results/AP) by extensions ['cmake', 'python']
[0.211s] Level 1:colcon.colcon_core.package_identification:_identify(map_out/results/AP) by extension 'cmake'
[0.211s] Level 1:colcon.colcon_core.package_identification:_identify(map_out/results/AP) by extension 'python'
[0.211s] Level 1:colcon.colcon_core.package_identification:_identify(map_out/results/AP) by extensions ['python_setup_py']
[0.211s] Level 1:colcon.colcon_core.package_identification:_identify(map_out/results/AP) by extension 'python_setup_py'
[0.211s] Level 1:colcon.colcon_core.package_identification:_identify(map_out/results/F1) by extensions ['ignore', 'ignore_ament_install']
[0.211s] Level 1:colcon.colcon_core.package_identification:_identify(map_out/results/F1) by extension 'ignore'
[0.211s] Level 1:colcon.colcon_core.package_identification:_identify(map_out/results/F1) by extension 'ignore_ament_install'
[0.211s] Level 1:colcon.colcon_core.package_identification:_identify(map_out/results/F1) by extensions ['colcon_pkg']
[0.211s] Level 1:colcon.colcon_core.package_identification:_identify(map_out/results/F1) by extension 'colcon_pkg'
[0.211s] Level 1:colcon.colcon_core.package_identification:_identify(map_out/results/F1) by extensions ['colcon_meta']
[0.211s] Level 1:colcon.colcon_core.package_identification:_identify(map_out/results/F1) by extension 'colcon_meta'
[0.211s] Level 1:colcon.colcon_core.package_identification:_identify(map_out/results/F1) by extensions ['ros']
[0.211s] Level 1:colcon.colcon_core.package_identification:_identify(map_out/results/F1) by extension 'ros'
[0.211s] Level 1:colcon.colcon_core.package_identification:_identify(map_out/results/F1) by extensions ['cmake', 'python']
[0.211s] Level 1:colcon.colcon_core.package_identification:_identify(map_out/results/F1) by extension 'cmake'
[0.211s] Level 1:colcon.colcon_core.package_identification:_identify(map_out/results/F1) by extension 'python'
[0.211s] Level 1:colcon.colcon_core.package_identification:_identify(map_out/results/F1) by extensions ['python_setup_py']
[0.211s] Level 1:colcon.colcon_core.package_identification:_identify(map_out/results/F1) by extension 'python_setup_py'
[0.211s] Level 1:colcon.colcon_core.package_identification:_identify(map_out/results/Precision) by extensions ['ignore', 'ignore_ament_install']
[0.212s] Level 1:colcon.colcon_core.package_identification:_identify(map_out/results/Precision) by extension 'ignore'
[0.212s] Level 1:colcon.colcon_core.package_identification:_identify(map_out/results/Precision) by extension 'ignore_ament_install'
[0.212s] Level 1:colcon.colcon_core.package_identification:_identify(map_out/results/Precision) by extensions ['colcon_pkg']
[0.212s] Level 1:colcon.colcon_core.package_identification:_identify(map_out/results/Precision) by extension 'colcon_pkg'
[0.212s] Level 1:colcon.colcon_core.package_identification:_identify(map_out/results/Precision) by extensions ['colcon_meta']
[0.212s] Level 1:colcon.colcon_core.package_identification:_identify(map_out/results/Precision) by extension 'colcon_meta'
[0.212s] Level 1:colcon.colcon_core.package_identification:_identify(map_out/results/Precision) by extensions ['ros']
[0.212s] Level 1:colcon.colcon_core.package_identification:_identify(map_out/results/Precision) by extension 'ros'
[0.212s] Level 1:colcon.colcon_core.package_identification:_identify(map_out/results/Precision) by extensions ['cmake', 'python']
[0.212s] Level 1:colcon.colcon_core.package_identification:_identify(map_out/results/Precision) by extension 'cmake'
[0.212s] Level 1:colcon.colcon_core.package_identification:_identify(map_out/results/Precision) by extension 'python'
[0.212s] Level 1:colcon.colcon_core.package_identification:_identify(map_out/results/Precision) by extensions ['python_setup_py']
[0.212s] Level 1:colcon.colcon_core.package_identification:_identify(map_out/results/Precision) by extension 'python_setup_py'
[0.212s] Level 1:colcon.colcon_core.package_identification:_identify(map_out/results/Recall) by extensions ['ignore', 'ignore_ament_install']
[0.212s] Level 1:colcon.colcon_core.package_identification:_identify(map_out/results/Recall) by extension 'ignore'
[0.212s] Level 1:colcon.colcon_core.package_identification:_identify(map_out/results/Recall) by extension 'ignore_ament_install'
[0.212s] Level 1:colcon.colcon_core.package_identification:_identify(map_out/results/Recall) by extensions ['colcon_pkg']
[0.212s] Level 1:colcon.colcon_core.package_identification:_identify(map_out/results/Recall) by extension 'colcon_pkg'
[0.212s] Level 1:colcon.colcon_core.package_identification:_identify(map_out/results/Recall) by extensions ['colcon_meta']
[0.212s] Level 1:colcon.colcon_core.package_identification:_identify(map_out/results/Recall) by extension 'colcon_meta'
[0.212s] Level 1:colcon.colcon_core.package_identification:_identify(map_out/results/Recall) by extensions ['ros']
[0.212s] Level 1:colcon.colcon_core.package_identification:_identify(map_out/results/Recall) by extension 'ros'
[0.212s] Level 1:colcon.colcon_core.package_identification:_identify(map_out/results/Recall) by extensions ['cmake', 'python']
[0.212s] Level 1:colcon.colcon_core.package_identification:_identify(map_out/results/Recall) by extension 'cmake'
[0.212s] Level 1:colcon.colcon_core.package_identification:_identify(map_out/results/Recall) by extension 'python'
[0.212s] Level 1:colcon.colcon_core.package_identification:_identify(map_out/results/Recall) by extensions ['python_setup_py']
[0.212s] Level 1:colcon.colcon_core.package_identification:_identify(map_out/results/Recall) by extension 'python_setup_py'
[0.212s] Level 1:colcon.colcon_core.package_identification:_identify(src) by extensions ['ignore', 'ignore_ament_install']
[0.212s] Level 1:colcon.colcon_core.package_identification:_identify(src) by extension 'ignore'
[0.212s] Level 1:colcon.colcon_core.package_identification:_identify(src) by extension 'ignore_ament_install'
[0.212s] Level 1:colcon.colcon_core.package_identification:_identify(src) by extensions ['colcon_pkg']
[0.212s] Level 1:colcon.colcon_core.package_identification:_identify(src) by extension 'colcon_pkg'
[0.212s] Level 1:colcon.colcon_core.package_identification:_identify(src) by extensions ['colcon_meta']
[0.212s] Level 1:colcon.colcon_core.package_identification:_identify(src) by extension 'colcon_meta'
[0.212s] Level 1:colcon.colcon_core.package_identification:_identify(src) by extensions ['ros']
[0.213s] Level 1:colcon.colcon_core.package_identification:_identify(src) by extension 'ros'
[0.213s] Level 1:colcon.colcon_core.package_identification:_identify(src) by extensions ['cmake', 'python']
[0.213s] Level 1:colcon.colcon_core.package_identification:_identify(src) by extension 'cmake'
[0.213s] Level 1:colcon.colcon_core.package_identification:_identify(src) by extension 'python'
[0.213s] Level 1:colcon.colcon_core.package_identification:_identify(src) by extensions ['python_setup_py']
[0.213s] Level 1:colcon.colcon_core.package_identification:_identify(src) by extension 'python_setup_py'
[0.213s] Level 1:colcon.colcon_core.package_identification:_identify(src/adversarial_pkg) by extensions ['ignore', 'ignore_ament_install']
[0.213s] Level 1:colcon.colcon_core.package_identification:_identify(src/adversarial_pkg) by extension 'ignore'
[0.213s] Level 1:colcon.colcon_core.package_identification:_identify(src/adversarial_pkg) by extension 'ignore_ament_install'
[0.213s] Level 1:colcon.colcon_core.package_identification:_identify(src/adversarial_pkg) by extensions ['colcon_pkg']
[0.213s] Level 1:colcon.colcon_core.package_identification:_identify(src/adversarial_pkg) by extension 'colcon_pkg'
[0.213s] Level 1:colcon.colcon_core.package_identification:_identify(src/adversarial_pkg) by extensions ['colcon_meta']
[0.213s] Level 1:colcon.colcon_core.package_identification:_identify(src/adversarial_pkg) by extension 'colcon_meta'
[0.213s] Level 1:colcon.colcon_core.package_identification:_identify(src/adversarial_pkg) by extensions ['ros']
[0.213s] Level 1:colcon.colcon_core.package_identification:_identify(src/adversarial_pkg) by extension 'ros'
[0.215s] DEBUG:colcon.colcon_core.package_identification:Package 'src/adversarial_pkg' with type 'ros.ament_python' and name 'adversarial_pkg'
[0.215s] Level 1:colcon.colcon_core.package_discovery:discover_packages(recursive) using defaults
[0.215s] Level 1:colcon.colcon_core.package_discovery:discover_packages(ignore) discover
[0.215s] Level 1:colcon.colcon_core.package_discovery:discover_packages(ignore) using defaults
[0.215s] Level 1:colcon.colcon_core.package_discovery:discover_packages(path) discover
[0.215s] Level 1:colcon.colcon_core.package_discovery:discover_packages(path) using defaults
[0.235s] Level 1:colcon.colcon_core.package_discovery:discover_packages(prefix_path) check parameters
[0.235s] Level 1:colcon.colcon_core.package_discovery:discover_packages(prefix_path) discover
[0.240s] DEBUG:colcon.colcon_installed_package_information.package_discovery:Found 1 installed packages in /home/manas/adversarial_proj/install
[0.241s] DEBUG:colcon.colcon_installed_package_information.package_discovery:Found 1 installed packages in /home/manas/ros2_test/install
[0.241s] DEBUG:colcon.colcon_installed_package_information.package_discovery:Found 5 installed packages in /home/manas/gz_ros2_control_ws/install
[0.241s] DEBUG:colcon.colcon_installed_package_information.package_discovery:Found 1 installed packages in /home/manas/robotic_arm_ctrl/install
[0.242s] DEBUG:colcon.colcon_installed_package_information.package_discovery:Found 321 installed packages in /opt/ros/humble
[0.243s] Level 1:colcon.colcon_core.package_discovery:discover_packages(prefix_path) using defaults
[0.272s] Level 5:colcon.colcon_core.verb:set package 'adversarial_pkg' build argument 'cmake_args' from command line to 'None'
[0.272s] Level 5:colcon.colcon_core.verb:set package 'adversarial_pkg' build argument 'cmake_target' from command line to 'None'
[0.272s] Level 5:colcon.colcon_core.verb:set package 'adversarial_pkg' build argument 'cmake_target_skip_unavailable' from command line to 'False'
[0.272s] Level 5:colcon.colcon_core.verb:set package 'adversarial_pkg' build argument 'cmake_clean_cache' from command line to 'False'
[0.272s] Level 5:colcon.colcon_core.verb:set package 'adversarial_pkg' build argument 'cmake_clean_first' from command line to 'False'
[0.272s] Level 5:colcon.colcon_core.verb:set package 'adversarial_pkg' build argument 'cmake_force_configure' from command line to 'False'
[0.272s] Level 5:colcon.colcon_core.verb:set package 'adversarial_pkg' build argument 'ament_cmake_args' from command line to 'None'
[0.272s] Level 5:colcon.colcon_core.verb:set package 'adversarial_pkg' build argument 'catkin_cmake_args' from command line to 'None'
[0.272s] Level 5:colcon.colcon_core.verb:set package 'adversarial_pkg' build argument 'catkin_skip_building_tests' from command line to 'False'
[0.272s] DEBUG:colcon.colcon_core.verb:Building package 'adversarial_pkg' with the following arguments: {'ament_cmake_args': None, 'build_base': '/home/manas/adversarial_proj/build/adversarial_pkg', 'catkin_cmake_args': None, 'catkin_skip_building_tests': False, 'cmake_args': None, 'cmake_clean_cache': False, 'cmake_clean_first': False, 'cmake_force_configure': False, 'cmake_target': None, 'cmake_target_skip_unavailable': False, 'install_base': '/home/manas/adversarial_proj/install/adversarial_pkg', 'merge_install': False, 'path': '/home/manas/adversarial_proj/src/adversarial_pkg', 'symlink_install': True, 'test_result_base': None}
[0.272s] INFO:colcon.colcon_core.executor:Executing jobs using 'parallel' executor
[0.273s] DEBUG:colcon.colcon_parallel_executor.executor.parallel:run_until_complete
[0.273s] INFO:colcon.colcon_ros.task.ament_python.build:Building ROS package in '/home/manas/adversarial_proj/src/adversarial_pkg' with build type 'ament_python'
[0.273s] Level 1:colcon.colcon_core.shell:create_environment_hook('adversarial_pkg', 'ament_prefix_path')
[0.274s] INFO:colcon.colcon_core.plugin_system:Skipping extension 'colcon_core.shell.bat': Not used on non-Windows systems
[0.275s] INFO:colcon.colcon_core.shell:Creating environment hook '/home/manas/adversarial_proj/install/adversarial_pkg/share/adversarial_pkg/hook/ament_prefix_path.ps1'
[0.275s] INFO:colcon.colcon_core.shell:Creating environment descriptor '/home/manas/adversarial_proj/install/adversarial_pkg/share/adversarial_pkg/hook/ament_prefix_path.dsv'
[0.275s] INFO:colcon.colcon_core.shell:Creating environment hook '/home/manas/adversarial_proj/install/adversarial_pkg/share/adversarial_pkg/hook/ament_prefix_path.sh'
[0.276s] INFO:colcon.colcon_core.shell:Skip shell extension 'powershell' for command environment: Not usable outside of PowerShell
[0.276s] DEBUG:colcon.colcon_core.shell:Skip shell extension 'dsv' for command environment
[0.432s] INFO:colcon.colcon_core.task.python.build:Building Python package in '/home/manas/adversarial_proj/src/adversarial_pkg'
[0.432s] INFO:colcon.colcon_core.shell:Skip shell extension 'powershell' for command environment: Not usable outside of PowerShell
[0.432s] DEBUG:colcon.colcon_core.shell:Skip shell extension 'dsv' for command environment
[0.687s] DEBUG:colcon.colcon_core.event_handler.log_command:Invoking command in '/home/manas/adversarial_proj/build/adversarial_pkg': PYTHONPATH=/home/manas/adversarial_proj/build/adversarial_pkg/prefix_override:/usr/lib/python3/dist-packages/colcon_core/task/python/colcon_distutils_commands:/home/manas/adversarial_proj/install/adversarial_pkg/lib/python3.10/site-packages:${PYTHONPATH} /usr/bin/python3 -W ignore:setup.py install is deprecated -W ignore:easy_install command is deprecated setup.py develop --editable --build-directory /home/manas/adversarial_proj/build/adversarial_pkg/build --no-deps symlink_data
[0.947s] Level 1:colcon.colcon_core.shell:create_environment_hook('adversarial_pkg', 'pythonpath_develop')
[0.947s] DEBUG:colcon.colcon_core.event_handler.log_command:Invoked command in '/home/manas/adversarial_proj/build/adversarial_pkg' returned '0': PYTHONPATH=/home/manas/adversarial_proj/build/adversarial_pkg/prefix_override:/usr/lib/python3/dist-packages/colcon_core/task/python/colcon_distutils_commands:/home/manas/adversarial_proj/install/adversarial_pkg/lib/python3.10/site-packages:${PYTHONPATH} /usr/bin/python3 -W ignore:setup.py install is deprecated -W ignore:easy_install command is deprecated setup.py develop --editable --build-directory /home/manas/adversarial_proj/build/adversarial_pkg/build --no-deps symlink_data
[0.948s] INFO:colcon.colcon_core.shell:Creating environment hook '/home/manas/adversarial_proj/build/adversarial_pkg/share/adversarial_pkg/hook/pythonpath_develop.ps1'
[0.948s] INFO:colcon.colcon_core.shell:Creating environment descriptor '/home/manas/adversarial_proj/build/adversarial_pkg/share/adversarial_pkg/hook/pythonpath_develop.dsv'
[0.948s] INFO:colcon.colcon_core.shell:Creating environment hook '/home/manas/adversarial_proj/build/adversarial_pkg/share/adversarial_pkg/hook/pythonpath_develop.sh'
[0.950s] Level 1:colcon.colcon_core.environment:checking '/home/manas/adversarial_proj/install/adversarial_pkg' for CMake module files
[0.951s] Level 1:colcon.colcon_core.environment:checking '/home/manas/adversarial_proj/install/adversarial_pkg' for CMake config files
[0.952s] Level 1:colcon.colcon_core.environment:checking '/home/manas/adversarial_proj/install/adversarial_pkg/lib'
[0.952s] Level 1:colcon.colcon_core.environment:checking '/home/manas/adversarial_proj/install/adversarial_pkg/bin'
[0.952s] Level 1:colcon.colcon_core.environment:checking '/home/manas/adversarial_proj/install/adversarial_pkg/lib/pkgconfig/adversarial_pkg.pc'
[0.952s] Level 1:colcon.colcon_core.environment:checking '/home/manas/adversarial_proj/install/adversarial_pkg/lib/python3.10/site-packages'
[0.952s] Level 1:colcon.colcon_core.shell:create_environment_hook('adversarial_pkg', 'pythonpath')
[0.952s] INFO:colcon.colcon_core.shell:Creating environment hook '/home/manas/adversarial_proj/install/adversarial_pkg/share/adversarial_pkg/hook/pythonpath.ps1'
[0.953s] INFO:colcon.colcon_core.shell:Creating environment descriptor '/home/manas/adversarial_proj/install/adversarial_pkg/share/adversarial_pkg/hook/pythonpath.dsv'
[0.953s] INFO:colcon.colcon_core.shell:Creating environment hook '/home/manas/adversarial_proj/install/adversarial_pkg/share/adversarial_pkg/hook/pythonpath.sh'
[0.953s] Level 1:colcon.colcon_core.environment:checking '/home/manas/adversarial_proj/install/adversarial_pkg/bin'
[0.953s] Level 1:colcon.colcon_core.environment:create_environment_scripts_only(adversarial_pkg)
[0.953s] INFO:colcon.colcon_core.shell:Creating package script '/home/manas/adversarial_proj/install/adversarial_pkg/share/adversarial_pkg/package.ps1'
[0.954s] INFO:colcon.colcon_core.shell:Creating package descriptor '/home/manas/adversarial_proj/install/adversarial_pkg/share/adversarial_pkg/package.dsv'
[0.954s] INFO:colcon.colcon_core.shell:Creating package script '/home/manas/adversarial_proj/install/adversarial_pkg/share/adversarial_pkg/package.sh'
[0.955s] INFO:colcon.colcon_core.shell:Creating package script '/home/manas/adversarial_proj/install/adversarial_pkg/share/adversarial_pkg/package.bash'
[0.955s] INFO:colcon.colcon_core.shell:Creating package script '/home/manas/adversarial_proj/install/adversarial_pkg/share/adversarial_pkg/package.zsh'
[0.956s] Level 1:colcon.colcon_core.environment:create_file_with_runtime_dependencies(/home/manas/adversarial_proj/install/adversarial_pkg/share/colcon-core/packages/adversarial_pkg)
[0.956s] DEBUG:colcon.colcon_parallel_executor.executor.parallel:closing loop
[0.956s] DEBUG:colcon.colcon_parallel_executor.executor.parallel:loop closed
[0.956s] DEBUG:colcon.colcon_parallel_executor.executor.parallel:run_until_complete finished with '0'
[0.956s] DEBUG:colcon.colcon_core.event_reactor:joining thread
[0.960s] INFO:colcon.colcon_core.plugin_system:Skipping extension 'colcon_notification.desktop_notification.terminal_notifier': Not used on non-Darwin systems
[0.960s] INFO:colcon.colcon_core.plugin_system:Skipping extension 'colcon_notification.desktop_notification.win32': Not used on non-Windows systems
[0.960s] INFO:colcon.colcon_notification.desktop_notification:Sending desktop notification using 'notify2'
[0.970s] DEBUG:colcon.colcon_core.event_reactor:joined thread
[0.970s] INFO:colcon.colcon_core.shell:Creating prefix script '/home/manas/adversarial_proj/install/local_setup.ps1'
[0.971s] INFO:colcon.colcon_core.shell:Creating prefix util module '/home/manas/adversarial_proj/install/_local_setup_util_ps1.py'
[0.972s] INFO:colcon.colcon_core.shell:Creating prefix chain script '/home/manas/adversarial_proj/install/setup.ps1'
[0.972s] INFO:colcon.colcon_core.shell:Creating prefix script '/home/manas/adversarial_proj/install/local_setup.sh'
[0.973s] INFO:colcon.colcon_core.shell:Creating prefix util module '/home/manas/adversarial_proj/install/_local_setup_util_sh.py'
[0.973s] INFO:colcon.colcon_core.shell:Creating prefix chain script '/home/manas/adversarial_proj/install/setup.sh'
[0.974s] INFO:colcon.colcon_core.shell:Creating prefix script '/home/manas/adversarial_proj/install/local_setup.bash'
[0.974s] INFO:colcon.colcon_core.shell:Creating prefix chain script '/home/manas/adversarial_proj/install/setup.bash'
[0.975s] INFO:colcon.colcon_core.shell:Creating prefix script '/home/manas/adversarial_proj/install/local_setup.zsh'
[0.975s] INFO:colcon.colcon_core.shell:Creating prefix chain script '/home/manas/adversarial_proj/install/setup.zsh'
