[0.438s] Invoking command in '/home/manas/adversarial_proj/src/adversarial_pkg': PYTHONPATH=/home/manas/adversarial_proj/build/adversarial_pkg/prefix_override:/usr/lib/python3/dist-packages/colcon_core/task/python/colcon_distutils_commands:/home/manas/adversarial_proj/install/adversarial_pkg/lib/python3.10/site-packages:${PYTHONPATH} /usr/bin/python3 -W ignore:setup.py install is deprecated -W ignore:easy_install command is deprecated setup.py egg_info --egg-base ../../build/adversarial_pkg build --build-base /home/manas/adversarial_proj/build/adversarial_pkg/build install --record /home/manas/adversarial_proj/build/adversarial_pkg/install.log --single-version-externally-managed install_data
[0.606s] running egg_info
[0.606s] writing ../../build/adversarial_pkg/adversarial_pkg.egg-info/PKG-INFO
[0.607s] writing dependency_links to ../../build/adversarial_pkg/adversarial_pkg.egg-info/dependency_links.txt
[0.607s] writing entry points to ../../build/adversarial_pkg/adversarial_pkg.egg-info/entry_points.txt
[0.607s] writing requirements to ../../build/adversarial_pkg/adversarial_pkg.egg-info/requires.txt
[0.607s] writing top-level names to ../../build/adversarial_pkg/adversarial_pkg.egg-info/top_level.txt
[0.608s] reading manifest file '../../build/adversarial_pkg/adversarial_pkg.egg-info/SOURCES.txt'
[0.608s] writing manifest file '../../build/adversarial_pkg/adversarial_pkg.egg-info/SOURCES.txt'
[0.608s] running build
[0.608s] running build_py
[0.609s] copying adversarial_pkg/classifier.py -> /home/manas/adversarial_proj/build/adversarial_pkg/build/lib/adversarial_pkg
[0.609s] running install
[0.609s] running install_lib
[0.609s] copying /home/manas/adversarial_proj/build/adversarial_pkg/build/lib/adversarial_pkg/classifier.py -> /home/manas/adversarial_proj/install/adversarial_pkg/lib/python3.10/site-packages/adversarial_pkg
[0.610s] byte-compiling /home/manas/adversarial_proj/install/adversarial_pkg/lib/python3.10/site-packages/adversarial_pkg/classifier.py to classifier.cpython-310.pyc
[0.610s] running install_data
[0.610s] running install_egg_info
[0.612s] removing '/home/manas/adversarial_proj/install/adversarial_pkg/lib/python3.10/site-packages/adversarial_pkg-0.0.0-py3.10.egg-info' (and everything under it)
[0.612s] Copying ../../build/adversarial_pkg/adversarial_pkg.egg-info to /home/manas/adversarial_proj/install/adversarial_pkg/lib/python3.10/site-packages/adversarial_pkg-0.0.0-py3.10.egg-info
[0.613s] running install_scripts
[0.628s] Installing classifier script to /home/manas/adversarial_proj/install/adversarial_pkg/lib/adversarial_pkg
[0.628s] writing list of installed files to '/home/manas/adversarial_proj/build/adversarial_pkg/install.log'
[0.644s] Invoked command in '/home/manas/adversarial_proj/src/adversarial_pkg' returned '0': PYTHONPATH=/home/manas/adversarial_proj/build/adversarial_pkg/prefix_override:/usr/lib/python3/dist-packages/colcon_core/task/python/colcon_distutils_commands:/home/manas/adversarial_proj/install/adversarial_pkg/lib/python3.10/site-packages:${PYTHONPATH} /usr/bin/python3 -W ignore:setup.py install is deprecated -W ignore:easy_install command is deprecated setup.py egg_info --egg-base ../../build/adversarial_pkg build --build-base /home/manas/adversarial_proj/build/adversarial_pkg/build install --record /home/manas/adversarial_proj/build/adversarial_pkg/install.log --single-version-externally-managed install_data
