running egg_info
writing ../../build/adversarial_pkg/adversarial_pkg.egg-info/PKG-INFO
writing dependency_links to ../../build/adversarial_pkg/adversarial_pkg.egg-info/dependency_links.txt
writing entry points to ../../build/adversarial_pkg/adversarial_pkg.egg-info/entry_points.txt
writing requirements to ../../build/adversarial_pkg/adversarial_pkg.egg-info/requires.txt
writing top-level names to ../../build/adversarial_pkg/adversarial_pkg.egg-info/top_level.txt
reading manifest file '../../build/adversarial_pkg/adversarial_pkg.egg-info/SOURCES.txt'
writing manifest file '../../build/adversarial_pkg/adversarial_pkg.egg-info/SOURCES.txt'
running build
running build_py
copying adversarial_pkg/magnet_inference.py -> /home/manas/adversarial_proj/build/adversarial_pkg/build/lib/adversarial_pkg
running install
running install_lib
copying /home/manas/adversarial_proj/build/adversarial_pkg/build/lib/adversarial_pkg/magnet_inference.py -> /home/manas/adversarial_proj/install/adversarial_pkg/lib/python3.10/site-packages/adversarial_pkg
byte-compiling /home/manas/adversarial_proj/install/adversarial_pkg/lib/python3.10/site-packages/adversarial_pkg/magnet_inference.py to magnet_inference.cpython-310.pyc
running install_data
running install_egg_info
removing '/home/manas/adversarial_proj/install/adversarial_pkg/lib/python3.10/site-packages/adversarial_pkg-0.0.0-py3.10.egg-info' (and everything under it)
Copying ../../build/adversarial_pkg/adversarial_pkg.egg-info to /home/manas/adversarial_proj/install/adversarial_pkg/lib/python3.10/site-packages/adversarial_pkg-0.0.0-py3.10.egg-info
running install_scripts
Installing classifier script to /home/manas/adversarial_proj/install/adversarial_pkg/lib/adversarial_pkg
writing list of installed files to '/home/manas/adversarial_proj/build/adversarial_pkg/install.log'
