[0.061s] DEBUG:colcon:Command line arguments: ['/usr/bin/colcon', 'build', '--symlink-install']
[0.061s] DEBUG:colcon:Parsed command line arguments: Namespace(log_base=None, log_level=None, verb_name='build', build_base='build', install_base='install', merge_install=False, symlink_install=True, test_result_base=None, continue_on_error=False, executor='parallel', parallel_workers=32, event_handlers=None, ignore_user_meta=False, metas=['./colcon.meta'], base_paths=['.'], packages_ignore=None, packages_ignore_regex=None, paths=None, packages_up_to=None, packages_up_to_regex=None, packages_above=None, packages_above_and_dependencies=None, packages_above_depth=None, packages_select_by_dep=None, packages_skip_by_dep=None, packages_skip_up_to=None, packages_select_build_failed=False, packages_skip_build_finished=False, packages_select_test_failures=False, packages_skip_test_passed=False, packages_select=None, packages_skip=None, packages_select_regex=None, packages_skip_regex=None, packages_start=None, packages_end=None, allow_overriding=[], cmake_args=None, cmake_target=None, cmake_target_skip_unavailable=False, cmake_clean_cache=False, cmake_clean_first=False, cmake_force_configure=False, ament_cmake_args=None, catkin_cmake_args=None, catkin_skip_building_tests=False, verb_parser=<colcon_defaults.argument_parser.defaults.DefaultArgumentsDecorator object at 0x7afe84668a90>, verb_extension=<colcon_core.verb.build.BuildVerb object at 0x7afe847de350>, main=<bound method BuildVerb.main of <colcon_core.verb.build.BuildVerb object at 0x7afe847de350>>)
[0.154s] Level 1:colcon.colcon_core.package_discovery:discover_packages(colcon_meta) check parameters
[0.154s] Level 1:colcon.colcon_core.package_discovery:discover_packages(recursive) check parameters
[0.154s] Level 1:colcon.colcon_core.package_discovery:discover_packages(ignore) check parameters
[0.154s] Level 1:colcon.colcon_core.package_discovery:discover_packages(path) check parameters
[0.154s] Level 1:colcon.colcon_core.package_discovery:discover_packages(colcon_meta) discover
[0.154s] Level 1:colcon.colcon_core.package_discovery:discover_packages(recursive) discover
[0.154s] INFO:colcon.colcon_core.package_discovery:Crawling recursively for packages in '/home/manas/adversarial_proj'
[0.154s] Level 1:colcon.colcon_core.package_identification:_identify(.) by extensions ['ignore', 'ignore_ament_install']
[0.155s] Level 1:colcon.colcon_core.package_identification:_identify(.) by extension 'ignore'
[0.155s] Level 1:colcon.colcon_core.package_identification:_identify(.) by extension 'ignore_ament_install'
[0.155s] Level 1:colcon.colcon_core.package_identification:_identify(.) by extensions ['colcon_pkg']
[0.155s] Level 1:colcon.colcon_core.package_identification:_identify(.) by extension 'colcon_pkg'
[0.155s] Level 1:colcon.colcon_core.package_identification:_identify(.) by extensions ['colcon_meta']
[0.155s] Level 1:colcon.colcon_core.package_identification:_identify(.) by extension 'colcon_meta'
[0.155s] Level 1:colcon.colcon_core.package_identification:_identify(.) by extensions ['ros']
[0.155s] Level 1:colcon.colcon_core.package_identification:_identify(.) by extension 'ros'
[0.162s] Level 1:colcon.colcon_core.package_identification:_identify(.) by extensions ['cmake', 'python']
[0.162s] Level 1:colcon.colcon_core.package_identification:_identify(.) by extension 'cmake'
[0.162s] Level 1:colcon.colcon_core.package_identification:_identify(.) by extension 'python'
[0.162s] Level 1:colcon.colcon_core.package_identification:_identify(.) by extensions ['python_setup_py']
[0.162s] Level 1:colcon.colcon_core.package_identification:_identify(.) by extension 'python_setup_py'
[0.162s] Level 1:colcon.colcon_core.package_identification:_identify(build) by extensions ['ignore', 'ignore_ament_install']
[0.162s] Level 1:colcon.colcon_core.package_identification:_identify(build) by extension 'ignore'
[0.162s] Level 1:colcon.colcon_core.package_identification:_identify(build) ignored
[0.162s] Level 1:colcon.colcon_core.package_identification:_identify(install) by extensions ['ignore', 'ignore_ament_install']
[0.162s] Level 1:colcon.colcon_core.package_identification:_identify(install) by extension 'ignore'
[0.162s] Level 1:colcon.colcon_core.package_identification:_identify(install) ignored
[0.162s] Level 1:colcon.colcon_core.package_identification:_identify(log) by extensions ['ignore', 'ignore_ament_install']
[0.162s] Level 1:colcon.colcon_core.package_identification:_identify(log) by extension 'ignore'
[0.162s] Level 1:colcon.colcon_core.package_identification:_identify(log) ignored
[0.162s] Level 1:colcon.colcon_core.package_identification:_identify(map_out) by extensions ['ignore', 'ignore_ament_install']
[0.162s] Level 1:colcon.colcon_core.package_identification:_identify(map_out) by extension 'ignore'
[0.162s] Level 1:colcon.colcon_core.package_identification:_identify(map_out) by extension 'ignore_ament_install'
[0.162s] Level 1:colcon.colcon_core.package_identification:_identify(map_out) by extensions ['colcon_pkg']
[0.162s] Level 1:colcon.colcon_core.package_identification:_identify(map_out) by extension 'colcon_pkg'
[0.162s] Level 1:colcon.colcon_core.package_identification:_identify(map_out) by extensions ['colcon_meta']
[0.162s] Level 1:colcon.colcon_core.package_identification:_identify(map_out) by extension 'colcon_meta'
[0.162s] Level 1:colcon.colcon_core.package_identification:_identify(map_out) by extensions ['ros']
[0.162s] Level 1:colcon.colcon_core.package_identification:_identify(map_out) by extension 'ros'
[0.162s] Level 1:colcon.colcon_core.package_identification:_identify(map_out) by extensions ['cmake', 'python']
[0.162s] Level 1:colcon.colcon_core.package_identification:_identify(map_out) by extension 'cmake'
[0.162s] Level 1:colcon.colcon_core.package_identification:_identify(map_out) by extension 'python'
[0.162s] Level 1:colcon.colcon_core.package_identification:_identify(map_out) by extensions ['python_setup_py']
[0.163s] Level 1:colcon.colcon_core.package_identification:_identify(map_out) by extension 'python_setup_py'
[0.163s] Level 1:colcon.colcon_core.package_identification:_identify(map_out/detection-results) by extensions ['ignore', 'ignore_ament_install']
[0.163s] Level 1:colcon.colcon_core.package_identification:_identify(map_out/detection-results) by extension 'ignore'
[0.163s] Level 1:colcon.colcon_core.package_identification:_identify(map_out/detection-results) by extension 'ignore_ament_install'
[0.163s] Level 1:colcon.colcon_core.package_identification:_identify(map_out/detection-results) by extensions ['colcon_pkg']
[0.163s] Level 1:colcon.colcon_core.package_identification:_identify(map_out/detection-results) by extension 'colcon_pkg'
[0.163s] Level 1:colcon.colcon_core.package_identification:_identify(map_out/detection-results) by extensions ['colcon_meta']
[0.163s] Level 1:colcon.colcon_core.package_identification:_identify(map_out/detection-results) by extension 'colcon_meta'
[0.163s] Level 1:colcon.colcon_core.package_identification:_identify(map_out/detection-results) by extensions ['ros']
[0.163s] Level 1:colcon.colcon_core.package_identification:_identify(map_out/detection-results) by extension 'ros'
[0.163s] Level 1:colcon.colcon_core.package_identification:_identify(map_out/detection-results) by extensions ['cmake', 'python']
[0.163s] Level 1:colcon.colcon_core.package_identification:_identify(map_out/detection-results) by extension 'cmake'
[0.163s] Level 1:colcon.colcon_core.package_identification:_identify(map_out/detection-results) by extension 'python'
[0.163s] Level 1:colcon.colcon_core.package_identification:_identify(map_out/detection-results) by extensions ['python_setup_py']
[0.163s] Level 1:colcon.colcon_core.package_identification:_identify(map_out/detection-results) by extension 'python_setup_py'
[0.164s] Level 1:colcon.colcon_core.package_identification:_identify(map_out/ground-truth) by extensions ['ignore', 'ignore_ament_install']
[0.164s] Level 1:colcon.colcon_core.package_identification:_identify(map_out/ground-truth) by extension 'ignore'
[0.164s] Level 1:colcon.colcon_core.package_identification:_identify(map_out/ground-truth) by extension 'ignore_ament_install'
[0.164s] Level 1:colcon.colcon_core.package_identification:_identify(map_out/ground-truth) by extensions ['colcon_pkg']
[0.164s] Level 1:colcon.colcon_core.package_identification:_identify(map_out/ground-truth) by extension 'colcon_pkg'
[0.164s] Level 1:colcon.colcon_core.package_identification:_identify(map_out/ground-truth) by extensions ['colcon_meta']
[0.164s] Level 1:colcon.colcon_core.package_identification:_identify(map_out/ground-truth) by extension 'colcon_meta'
[0.164s] Level 1:colcon.colcon_core.package_identification:_identify(map_out/ground-truth) by extensions ['ros']
[0.164s] Level 1:colcon.colcon_core.package_identification:_identify(map_out/ground-truth) by extension 'ros'
[0.164s] Level 1:colcon.colcon_core.package_identification:_identify(map_out/ground-truth) by extensions ['cmake', 'python']
[0.164s] Level 1:colcon.colcon_core.package_identification:_identify(map_out/ground-truth) by extension 'cmake'
[0.164s] Level 1:colcon.colcon_core.package_identification:_identify(map_out/ground-truth) by extension 'python'
[0.164s] Level 1:colcon.colcon_core.package_identification:_identify(map_out/ground-truth) by extensions ['python_setup_py']
[0.164s] Level 1:colcon.colcon_core.package_identification:_identify(map_out/ground-truth) by extension 'python_setup_py'
[0.164s] Level 1:colcon.colcon_core.package_identification:_identify(map_out/images-optional) by extensions ['ignore', 'ignore_ament_install']
[0.164s] Level 1:colcon.colcon_core.package_identification:_identify(map_out/images-optional) by extension 'ignore'
[0.164s] Level 1:colcon.colcon_core.package_identification:_identify(map_out/images-optional) by extension 'ignore_ament_install'
[0.164s] Level 1:colcon.colcon_core.package_identification:_identify(map_out/images-optional) by extensions ['colcon_pkg']
[0.164s] Level 1:colcon.colcon_core.package_identification:_identify(map_out/images-optional) by extension 'colcon_pkg'
[0.164s] Level 1:colcon.colcon_core.package_identification:_identify(map_out/images-optional) by extensions ['colcon_meta']
[0.164s] Level 1:colcon.colcon_core.package_identification:_identify(map_out/images-optional) by extension 'colcon_meta'
[0.164s] Level 1:colcon.colcon_core.package_identification:_identify(map_out/images-optional) by extensions ['ros']
[0.164s] Level 1:colcon.colcon_core.package_identification:_identify(map_out/images-optional) by extension 'ros'
[0.164s] Level 1:colcon.colcon_core.package_identification:_identify(map_out/images-optional) by extensions ['cmake', 'python']
[0.164s] Level 1:colcon.colcon_core.package_identification:_identify(map_out/images-optional) by extension 'cmake'
[0.164s] Level 1:colcon.colcon_core.package_identification:_identify(map_out/images-optional) by extension 'python'
[0.164s] Level 1:colcon.colcon_core.package_identification:_identify(map_out/images-optional) by extensions ['python_setup_py']
[0.164s] Level 1:colcon.colcon_core.package_identification:_identify(map_out/images-optional) by extension 'python_setup_py'
[0.164s] Level 1:colcon.colcon_core.package_identification:_identify(map_out/results) by extensions ['ignore', 'ignore_ament_install']
[0.164s] Level 1:colcon.colcon_core.package_identification:_identify(map_out/results) by extension 'ignore'
[0.164s] Level 1:colcon.colcon_core.package_identification:_identify(map_out/results) by extension 'ignore_ament_install'
[0.165s] Level 1:colcon.colcon_core.package_identification:_identify(map_out/results) by extensions ['colcon_pkg']
[0.165s] Level 1:colcon.colcon_core.package_identification:_identify(map_out/results) by extension 'colcon_pkg'
[0.165s] Level 1:colcon.colcon_core.package_identification:_identify(map_out/results) by extensions ['colcon_meta']
[0.165s] Level 1:colcon.colcon_core.package_identification:_identify(map_out/results) by extension 'colcon_meta'
[0.165s] Level 1:colcon.colcon_core.package_identification:_identify(map_out/results) by extensions ['ros']
[0.165s] Level 1:colcon.colcon_core.package_identification:_identify(map_out/results) by extension 'ros'
[0.165s] Level 1:colcon.colcon_core.package_identification:_identify(map_out/results) by extensions ['cmake', 'python']
[0.165s] Level 1:colcon.colcon_core.package_identification:_identify(map_out/results) by extension 'cmake'
[0.165s] Level 1:colcon.colcon_core.package_identification:_identify(map_out/results) by extension 'python'
[0.165s] Level 1:colcon.colcon_core.package_identification:_identify(map_out/results) by extensions ['python_setup_py']
[0.165s] Level 1:colcon.colcon_core.package_identification:_identify(map_out/results) by extension 'python_setup_py'
[0.165s] Level 1:colcon.colcon_core.package_identification:_identify(map_out/results/AP) by extensions ['ignore', 'ignore_ament_install']
[0.165s] Level 1:colcon.colcon_core.package_identification:_identify(map_out/results/AP) by extension 'ignore'
[0.165s] Level 1:colcon.colcon_core.package_identification:_identify(map_out/results/AP) by extension 'ignore_ament_install'
[0.165s] Level 1:colcon.colcon_core.package_identification:_identify(map_out/results/AP) by extensions ['colcon_pkg']
[0.165s] Level 1:colcon.colcon_core.package_identification:_identify(map_out/results/AP) by extension 'colcon_pkg'
[0.165s] Level 1:colcon.colcon_core.package_identification:_identify(map_out/results/AP) by extensions ['colcon_meta']
[0.165s] Level 1:colcon.colcon_core.package_identification:_identify(map_out/results/AP) by extension 'colcon_meta'
[0.165s] Level 1:colcon.colcon_core.package_identification:_identify(map_out/results/AP) by extensions ['ros']
[0.165s] Level 1:colcon.colcon_core.package_identification:_identify(map_out/results/AP) by extension 'ros'
[0.165s] Level 1:colcon.colcon_core.package_identification:_identify(map_out/results/AP) by extensions ['cmake', 'python']
[0.165s] Level 1:colcon.colcon_core.package_identification:_identify(map_out/results/AP) by extension 'cmake'
[0.165s] Level 1:colcon.colcon_core.package_identification:_identify(map_out/results/AP) by extension 'python'
[0.165s] Level 1:colcon.colcon_core.package_identification:_identify(map_out/results/AP) by extensions ['python_setup_py']
[0.165s] Level 1:colcon.colcon_core.package_identification:_identify(map_out/results/AP) by extension 'python_setup_py'
[0.165s] Level 1:colcon.colcon_core.package_identification:_identify(map_out/results/F1) by extensions ['ignore', 'ignore_ament_install']
[0.165s] Level 1:colcon.colcon_core.package_identification:_identify(map_out/results/F1) by extension 'ignore'
[0.165s] Level 1:colcon.colcon_core.package_identification:_identify(map_out/results/F1) by extension 'ignore_ament_install'
[0.165s] Level 1:colcon.colcon_core.package_identification:_identify(map_out/results/F1) by extensions ['colcon_pkg']
[0.165s] Level 1:colcon.colcon_core.package_identification:_identify(map_out/results/F1) by extension 'colcon_pkg'
[0.165s] Level 1:colcon.colcon_core.package_identification:_identify(map_out/results/F1) by extensions ['colcon_meta']
[0.165s] Level 1:colcon.colcon_core.package_identification:_identify(map_out/results/F1) by extension 'colcon_meta'
[0.165s] Level 1:colcon.colcon_core.package_identification:_identify(map_out/results/F1) by extensions ['ros']
[0.165s] Level 1:colcon.colcon_core.package_identification:_identify(map_out/results/F1) by extension 'ros'
[0.165s] Level 1:colcon.colcon_core.package_identification:_identify(map_out/results/F1) by extensions ['cmake', 'python']
[0.165s] Level 1:colcon.colcon_core.package_identification:_identify(map_out/results/F1) by extension 'cmake'
[0.165s] Level 1:colcon.colcon_core.package_identification:_identify(map_out/results/F1) by extension 'python'
[0.165s] Level 1:colcon.colcon_core.package_identification:_identify(map_out/results/F1) by extensions ['python_setup_py']
[0.165s] Level 1:colcon.colcon_core.package_identification:_identify(map_out/results/F1) by extension 'python_setup_py'
[0.165s] Level 1:colcon.colcon_core.package_identification:_identify(map_out/results/Precision) by extensions ['ignore', 'ignore_ament_install']
[0.165s] Level 1:colcon.colcon_core.package_identification:_identify(map_out/results/Precision) by extension 'ignore'
[0.165s] Level 1:colcon.colcon_core.package_identification:_identify(map_out/results/Precision) by extension 'ignore_ament_install'
[0.166s] Level 1:colcon.colcon_core.package_identification:_identify(map_out/results/Precision) by extensions ['colcon_pkg']
[0.166s] Level 1:colcon.colcon_core.package_identification:_identify(map_out/results/Precision) by extension 'colcon_pkg'
[0.166s] Level 1:colcon.colcon_core.package_identification:_identify(map_out/results/Precision) by extensions ['colcon_meta']
[0.166s] Level 1:colcon.colcon_core.package_identification:_identify(map_out/results/Precision) by extension 'colcon_meta'
[0.166s] Level 1:colcon.colcon_core.package_identification:_identify(map_out/results/Precision) by extensions ['ros']
[0.166s] Level 1:colcon.colcon_core.package_identification:_identify(map_out/results/Precision) by extension 'ros'
[0.166s] Level 1:colcon.colcon_core.package_identification:_identify(map_out/results/Precision) by extensions ['cmake', 'python']
[0.166s] Level 1:colcon.colcon_core.package_identification:_identify(map_out/results/Precision) by extension 'cmake'
[0.166s] Level 1:colcon.colcon_core.package_identification:_identify(map_out/results/Precision) by extension 'python'
[0.166s] Level 1:colcon.colcon_core.package_identification:_identify(map_out/results/Precision) by extensions ['python_setup_py']
[0.166s] Level 1:colcon.colcon_core.package_identification:_identify(map_out/results/Precision) by extension 'python_setup_py'
[0.166s] Level 1:colcon.colcon_core.package_identification:_identify(map_out/results/Recall) by extensions ['ignore', 'ignore_ament_install']
[0.166s] Level 1:colcon.colcon_core.package_identification:_identify(map_out/results/Recall) by extension 'ignore'
[0.166s] Level 1:colcon.colcon_core.package_identification:_identify(map_out/results/Recall) by extension 'ignore_ament_install'
[0.166s] Level 1:colcon.colcon_core.package_identification:_identify(map_out/results/Recall) by extensions ['colcon_pkg']
[0.166s] Level 1:colcon.colcon_core.package_identification:_identify(map_out/results/Recall) by extension 'colcon_pkg'
[0.166s] Level 1:colcon.colcon_core.package_identification:_identify(map_out/results/Recall) by extensions ['colcon_meta']
[0.166s] Level 1:colcon.colcon_core.package_identification:_identify(map_out/results/Recall) by extension 'colcon_meta'
[0.166s] Level 1:colcon.colcon_core.package_identification:_identify(map_out/results/Recall) by extensions ['ros']
[0.166s] Level 1:colcon.colcon_core.package_identification:_identify(map_out/results/Recall) by extension 'ros'
[0.166s] Level 1:colcon.colcon_core.package_identification:_identify(map_out/results/Recall) by extensions ['cmake', 'python']
[0.166s] Level 1:colcon.colcon_core.package_identification:_identify(map_out/results/Recall) by extension 'cmake'
[0.166s] Level 1:colcon.colcon_core.package_identification:_identify(map_out/results/Recall) by extension 'python'
[0.166s] Level 1:colcon.colcon_core.package_identification:_identify(map_out/results/Recall) by extensions ['python_setup_py']
[0.166s] Level 1:colcon.colcon_core.package_identification:_identify(map_out/results/Recall) by extension 'python_setup_py'
[0.166s] Level 1:colcon.colcon_core.package_identification:_identify(src) by extensions ['ignore', 'ignore_ament_install']
[0.166s] Level 1:colcon.colcon_core.package_identification:_identify(src) by extension 'ignore'
[0.166s] Level 1:colcon.colcon_core.package_identification:_identify(src) by extension 'ignore_ament_install'
[0.166s] Level 1:colcon.colcon_core.package_identification:_identify(src) by extensions ['colcon_pkg']
[0.166s] Level 1:colcon.colcon_core.package_identification:_identify(src) by extension 'colcon_pkg'
[0.166s] Level 1:colcon.colcon_core.package_identification:_identify(src) by extensions ['colcon_meta']
[0.166s] Level 1:colcon.colcon_core.package_identification:_identify(src) by extension 'colcon_meta'
[0.166s] Level 1:colcon.colcon_core.package_identification:_identify(src) by extensions ['ros']
[0.166s] Level 1:colcon.colcon_core.package_identification:_identify(src) by extension 'ros'
[0.166s] Level 1:colcon.colcon_core.package_identification:_identify(src) by extensions ['cmake', 'python']
[0.166s] Level 1:colcon.colcon_core.package_identification:_identify(src) by extension 'cmake'
[0.166s] Level 1:colcon.colcon_core.package_identification:_identify(src) by extension 'python'
[0.166s] Level 1:colcon.colcon_core.package_identification:_identify(src) by extensions ['python_setup_py']
[0.166s] Level 1:colcon.colcon_core.package_identification:_identify(src) by extension 'python_setup_py'
[0.166s] Level 1:colcon.colcon_core.package_identification:_identify(src/adversarial_pkg) by extensions ['ignore', 'ignore_ament_install']
[0.166s] Level 1:colcon.colcon_core.package_identification:_identify(src/adversarial_pkg) by extension 'ignore'
[0.166s] Level 1:colcon.colcon_core.package_identification:_identify(src/adversarial_pkg) by extension 'ignore_ament_install'
[0.166s] Level 1:colcon.colcon_core.package_identification:_identify(src/adversarial_pkg) by extensions ['colcon_pkg']
[0.166s] Level 1:colcon.colcon_core.package_identification:_identify(src/adversarial_pkg) by extension 'colcon_pkg'
[0.167s] Level 1:colcon.colcon_core.package_identification:_identify(src/adversarial_pkg) by extensions ['colcon_meta']
[0.167s] Level 1:colcon.colcon_core.package_identification:_identify(src/adversarial_pkg) by extension 'colcon_meta'
[0.167s] Level 1:colcon.colcon_core.package_identification:_identify(src/adversarial_pkg) by extensions ['ros']
[0.167s] Level 1:colcon.colcon_core.package_identification:_identify(src/adversarial_pkg) by extension 'ros'
[0.168s] DEBUG:colcon.colcon_core.package_identification:Package 'src/adversarial_pkg' with type 'ros.ament_python' and name 'adversarial_pkg'
[0.168s] Level 1:colcon.colcon_core.package_discovery:discover_packages(recursive) using defaults
[0.168s] Level 1:colcon.colcon_core.package_discovery:discover_packages(ignore) discover
[0.168s] Level 1:colcon.colcon_core.package_discovery:discover_packages(ignore) using defaults
[0.168s] Level 1:colcon.colcon_core.package_discovery:discover_packages(path) discover
[0.168s] Level 1:colcon.colcon_core.package_discovery:discover_packages(path) using defaults
[0.180s] Level 1:colcon.colcon_core.package_discovery:discover_packages(prefix_path) check parameters
[0.180s] Level 1:colcon.colcon_core.package_discovery:discover_packages(prefix_path) discover
[0.186s] DEBUG:colcon.colcon_installed_package_information.package_discovery:Found 1 installed packages in /home/manas/ros2_test/install
[0.186s] DEBUG:colcon.colcon_installed_package_information.package_discovery:Found 5 installed packages in /home/manas/gz_ros2_control_ws/install
[0.186s] DEBUG:colcon.colcon_installed_package_information.package_discovery:Found 1 installed packages in /home/manas/robotic_arm_ctrl/install
[0.187s] DEBUG:colcon.colcon_installed_package_information.package_discovery:Found 321 installed packages in /opt/ros/humble
[0.188s] Level 1:colcon.colcon_core.package_discovery:discover_packages(prefix_path) using defaults
[0.211s] Level 5:colcon.colcon_core.verb:set package 'adversarial_pkg' build argument 'cmake_args' from command line to 'None'
[0.211s] Level 5:colcon.colcon_core.verb:set package 'adversarial_pkg' build argument 'cmake_target' from command line to 'None'
[0.211s] Level 5:colcon.colcon_core.verb:set package 'adversarial_pkg' build argument 'cmake_target_skip_unavailable' from command line to 'False'
[0.211s] Level 5:colcon.colcon_core.verb:set package 'adversarial_pkg' build argument 'cmake_clean_cache' from command line to 'False'
[0.211s] Level 5:colcon.colcon_core.verb:set package 'adversarial_pkg' build argument 'cmake_clean_first' from command line to 'False'
[0.211s] Level 5:colcon.colcon_core.verb:set package 'adversarial_pkg' build argument 'cmake_force_configure' from command line to 'False'
[0.211s] Level 5:colcon.colcon_core.verb:set package 'adversarial_pkg' build argument 'ament_cmake_args' from command line to 'None'
[0.211s] Level 5:colcon.colcon_core.verb:set package 'adversarial_pkg' build argument 'catkin_cmake_args' from command line to 'None'
[0.211s] Level 5:colcon.colcon_core.verb:set package 'adversarial_pkg' build argument 'catkin_skip_building_tests' from command line to 'False'
[0.211s] DEBUG:colcon.colcon_core.verb:Building package 'adversarial_pkg' with the following arguments: {'ament_cmake_args': None, 'build_base': '/home/manas/adversarial_proj/build/adversarial_pkg', 'catkin_cmake_args': None, 'catkin_skip_building_tests': False, 'cmake_args': None, 'cmake_clean_cache': False, 'cmake_clean_first': False, 'cmake_force_configure': False, 'cmake_target': None, 'cmake_target_skip_unavailable': False, 'install_base': '/home/manas/adversarial_proj/install/adversarial_pkg', 'merge_install': False, 'path': '/home/manas/adversarial_proj/src/adversarial_pkg', 'symlink_install': True, 'test_result_base': None}
[0.211s] INFO:colcon.colcon_core.executor:Executing jobs using 'parallel' executor
[0.212s] DEBUG:colcon.colcon_parallel_executor.executor.parallel:run_until_complete
[0.212s] INFO:colcon.colcon_ros.task.ament_python.build:Building ROS package in '/home/manas/adversarial_proj/src/adversarial_pkg' with build type 'ament_python'
[0.212s] Level 1:colcon.colcon_core.shell:create_environment_hook('adversarial_pkg', 'ament_prefix_path')
[0.214s] INFO:colcon.colcon_core.plugin_system:Skipping extension 'colcon_core.shell.bat': Not used on non-Windows systems
[0.214s] INFO:colcon.colcon_core.shell:Creating environment hook '/home/manas/adversarial_proj/install/adversarial_pkg/share/adversarial_pkg/hook/ament_prefix_path.ps1'
[0.214s] INFO:colcon.colcon_core.shell:Creating environment descriptor '/home/manas/adversarial_proj/install/adversarial_pkg/share/adversarial_pkg/hook/ament_prefix_path.dsv'
[0.214s] INFO:colcon.colcon_core.shell:Creating environment hook '/home/manas/adversarial_proj/install/adversarial_pkg/share/adversarial_pkg/hook/ament_prefix_path.sh'
[0.215s] INFO:colcon.colcon_core.shell:Skip shell extension 'powershell' for command environment: Not usable outside of PowerShell
[0.215s] DEBUG:colcon.colcon_core.shell:Skip shell extension 'dsv' for command environment
[0.389s] DEBUG:colcon.colcon_parallel_executor.executor.parallel:closing loop
[0.389s] DEBUG:colcon.colcon_parallel_executor.executor.parallel:loop closed
[0.389s] DEBUG:colcon.colcon_parallel_executor.executor.parallel:run_until_complete finished with 'Command '['/usr/bin/python3', '-c', 'import sys;from contextlib import suppress;exec("with suppress(ImportError):    from setuptools.extern.packaging.specifiers    import SpecifierSet");exec("with suppress(ImportError):    from packaging.specifiers import SpecifierSet");from distutils.core import run_setup;dist = run_setup(    \'setup.py\', script_args=(\'--dry-run\',), stop_after=\'config\');skip_keys = (\'cmdclass\', \'distclass\', \'ext_modules\', \'metadata\');data = {    key: value for key, value in dist.__dict__.items()     if (        not key.startswith(\'_\') and         not callable(value) and         key not in skip_keys and         key not in dist.display_option_names    )};data[\'metadata\'] = {    k: v for k, v in dist.metadata.__dict__.items()     if k not in (\'license_files\', \'provides_extras\')};sys.stdout.buffer.write(repr(data).encode(\'utf-8\'))']' returned non-zero exit status 1.'
[0.389s] DEBUG:colcon.colcon_core.event_reactor:joining thread
[0.392s] INFO:colcon.colcon_core.plugin_system:Skipping extension 'colcon_notification.desktop_notification.terminal_notifier': Not used on non-Darwin systems
[0.392s] INFO:colcon.colcon_core.plugin_system:Skipping extension 'colcon_notification.desktop_notification.win32': Not used on non-Windows systems
[0.393s] INFO:colcon.colcon_notification.desktop_notification:Sending desktop notification using 'notify2'
[0.404s] DEBUG:colcon.colcon_core.event_reactor:joined thread
[0.404s] INFO:colcon.colcon_core.shell:Creating prefix script '/home/manas/adversarial_proj/install/local_setup.ps1'
[0.405s] INFO:colcon.colcon_core.shell:Creating prefix util module '/home/manas/adversarial_proj/install/_local_setup_util_ps1.py'
[0.407s] INFO:colcon.colcon_core.shell:Creating prefix chain script '/home/manas/adversarial_proj/install/setup.ps1'
[0.409s] INFO:colcon.colcon_core.shell:Creating prefix script '/home/manas/adversarial_proj/install/local_setup.sh'
[0.410s] INFO:colcon.colcon_core.shell:Creating prefix util module '/home/manas/adversarial_proj/install/_local_setup_util_sh.py'
[0.410s] INFO:colcon.colcon_core.shell:Creating prefix chain script '/home/manas/adversarial_proj/install/setup.sh'
[0.412s] INFO:colcon.colcon_core.shell:Creating prefix script '/home/manas/adversarial_proj/install/local_setup.bash'
[0.413s] INFO:colcon.colcon_core.shell:Creating prefix chain script '/home/manas/adversarial_proj/install/setup.bash'
[0.414s] INFO:colcon.colcon_core.shell:Creating prefix script '/home/manas/adversarial_proj/install/local_setup.zsh'
[0.415s] INFO:colcon.colcon_core.shell:Creating prefix chain script '/home/manas/adversarial_proj/install/setup.zsh'
